<?xml version="1.0" encoding="UTF-8"?>
<testng-results ignored="0" total="1" passed="1" failed="0" skipped="0">
  <reporter-output>
  </reporter-output>
  <suite started-at="2019-09-18T17:06:57Z" name="com.testcases.LoginPage_Test" finished-at="2019-09-18T17:07:42Z" duration-ms="44142">
    <groups>
    </groups>
    <test started-at="2019-09-18T17:06:57Z" name="Command line test" finished-at="2019-09-18T17:07:42Z" duration-ms="44142">
      <class name="com.testcases.LoginPage_Test">
        <test-method signature="Method()[pri:0, instance:com.testcases.LoginPage_Test@711f39f9]" started-at="2019-09-18T22:36:57Z" name="Method" finished-at="2019-09-18T22:37:42Z" duration-ms="44114" status="PASS">
          <reporter-output>
          </reporter-output>
        </test-method> <!-- Method -->
      </class> <!-- com.testcases.LoginPage_Test -->
    </test> <!-- Command line test -->
  </suite> <!-- com.testcases.LoginPage_Test -->
</testng-results>
